[ 2016-03-30T09:34:25+08:00 ] 127.0.0.1 /think/index.php
INFO: [ app_init ] --START--
INFO: Run Behavior\BuildLiteBehavior [ RunTime:0.000051s ]
INFO: [ app_init ] --END-- [ RunTime:0.025560s ]
INFO: [ app_begin ] --START--
INFO: Run Behavior\ReadHtmlCacheBehavior [ RunTime:0.034509s ]
INFO: [ app_begin ] --END-- [ RunTime:0.034721s ]
NOTIC: [2] include_once(/libs/CommonAction.php): failed to open stream: No such file or directory E:\work\think\Application\Home\Controller\IndexController.class.php 第 4 行.
NOTIC: [2] include_once(): Failed opening '/libs/CommonAction.php' for inclusion (include_path='.;C:\php\pear') E:\work\think\Application\Home\Controller\IndexController.class.php 第 4 行.
SQL: select a.column_name,data_type,decode(nullable,'Y',0,1) notnull,data_default,decode(a.column_name,b.column_name,1,0) pk from user_tab_columns a,(select column_name from user_constraints c,user_cons_columns col where c.constraint_name=col.constraint_name and c.constraint_type='P'and c.table_name='EHR_MULTILANG_LIST') b where table_name='EHR_MULTILANG_LIST' and a.column_name=b.column_name(+) [ RunTime:0.2290s ]
SQL: SELECT * FROM (SELECT thinkphp.*, rownum AS numrow FROM (SELECT   * FROM ehr_multilang_list) thinkphp )  WHERE (numrow>0 AND numrow<=1) [ RunTime:0.0055s ]
SQL: SELECT * FROM (SELECT thinkphp.*, rownum AS numrow FROM (SELECT   language_name FROM ehr_multilang_list) thinkphp )  [ RunTime:0.0030s ]
NOTIC: [8] Undefined index: config E:\work\think\Application\Home\Controller\IndexController.class.php 第 27 行.
NOTIC: [8] Undefined variable: g_server E:\work\think\Application\Home\Controller\IndexController.class.php 第 29 行.

[ 2016-03-30T11:30:38+08:00 ] 127.0.0.1 /think/index.php
INFO: [ app_init ] --START--
INFO: Run Behavior\BuildLiteBehavior [ RunTime:0.000016s ]
INFO: [ app_init ] --END-- [ RunTime:0.000696s ]
INFO: [ app_begin ] --START--
INFO: Run Behavior\ReadHtmlCacheBehavior [ RunTime:0.000796s ]
INFO: [ app_begin ] --END-- [ RunTime:0.000867s ]
NOTIC: [2] include_once(function.php): failed to open stream: No such file or directory E:\work\think\Application\Home\Controller\IndexController.class.php 第 4 行.
NOTIC: [2] include_once(): Failed opening 'function.php' for inclusion (include_path='.;C:\php\pear') E:\work\think\Application\Home\Controller\IndexController.class.php 第 4 行.
SQL: select a.column_name,data_type,decode(nullable,'Y',0,1) notnull,data_default,decode(a.column_name,b.column_name,1,0) pk from user_tab_columns a,(select column_name from user_constraints c,user_cons_columns col where c.constraint_name=col.constraint_name and c.constraint_type='P'and c.table_name='EHR_MULTILANG_LIST') b where table_name='EHR_MULTILANG_LIST' and a.column_name=b.column_name(+) [ RunTime:0.0976s ]
SQL: SELECT * FROM (SELECT thinkphp.*, rownum AS numrow FROM (SELECT   * FROM ehr_multilang_list) thinkphp )  WHERE (numrow>0 AND numrow<=1) [ RunTime:0.0055s ]
SQL: SELECT * FROM (SELECT thinkphp.*, rownum AS numrow FROM (SELECT   language_name FROM ehr_multilang_list) thinkphp )  [ RunTime:0.0021s ]
NOTIC: [8] Undefined index: config E:\work\think\Application\Home\Controller\IndexController.class.php 第 27 行.
NOTIC: [8] Undefined variable: g_server E:\work\think\Application\Home\Controller\IndexController.class.php 第 29 行.

[ 2016-03-30T11:30:40+08:00 ] 127.0.0.1 /think/index.php
INFO: [ app_init ] --START--
INFO: Run Behavior\BuildLiteBehavior [ RunTime:0.000024s ]
INFO: [ app_init ] --END-- [ RunTime:0.001011s ]
INFO: [ app_begin ] --START--
INFO: Run Behavior\ReadHtmlCacheBehavior [ RunTime:0.001328s ]
INFO: [ app_begin ] --END-- [ RunTime:0.001441s ]
NOTIC: [2] include_once(function.php): failed to open stream: No such file or directory E:\work\think\Application\Home\Controller\IndexController.class.php 第 4 行.
NOTIC: [2] include_once(): Failed opening 'function.php' for inclusion (include_path='.;C:\php\pear') E:\work\think\Application\Home\Controller\IndexController.class.php 第 4 行.
SQL: select a.column_name,data_type,decode(nullable,'Y',0,1) notnull,data_default,decode(a.column_name,b.column_name,1,0) pk from user_tab_columns a,(select column_name from user_constraints c,user_cons_columns col where c.constraint_name=col.constraint_name and c.constraint_type='P'and c.table_name='EHR_MULTILANG_LIST') b where table_name='EHR_MULTILANG_LIST' and a.column_name=b.column_name(+) [ RunTime:0.0019s ]
SQL: SELECT * FROM (SELECT thinkphp.*, rownum AS numrow FROM (SELECT   * FROM ehr_multilang_list) thinkphp )  WHERE (numrow>0 AND numrow<=1) [ RunTime:0.0016s ]
SQL: SELECT * FROM (SELECT thinkphp.*, rownum AS numrow FROM (SELECT   language_name FROM ehr_multilang_list) thinkphp )  [ RunTime:0.0013s ]
NOTIC: [8] Undefined index: config E:\work\think\Application\Home\Controller\IndexController.class.php 第 27 行.
NOTIC: [8] Undefined variable: g_server E:\work\think\Application\Home\Controller\IndexController.class.php 第 29 行.

[ 2016-03-30T11:31:58+08:00 ] 127.0.0.1 /think/index.php
INFO: [ app_init ] --START--
INFO: Run Behavior\BuildLiteBehavior [ RunTime:0.000014s ]
INFO: [ app_init ] --END-- [ RunTime:0.000542s ]
INFO: [ app_begin ] --START--
INFO: Run Behavior\ReadHtmlCacheBehavior [ RunTime:0.000679s ]
INFO: [ app_begin ] --END-- [ RunTime:0.000726s ]
NOTIC: [2] include_once(function.php): failed to open stream: No such file or directory E:\work\think\Application\Home\Controller\IndexController.class.php 第 4 行.
NOTIC: [2] include_once(): Failed opening 'function.php' for inclusion (include_path='.;C:\php\pear') E:\work\think\Application\Home\Controller\IndexController.class.php 第 4 行.
SQL: select a.column_name,data_type,decode(nullable,'Y',0,1) notnull,data_default,decode(a.column_name,b.column_name,1,0) pk from user_tab_columns a,(select column_name from user_constraints c,user_cons_columns col where c.constraint_name=col.constraint_name and c.constraint_type='P'and c.table_name='EHR_MULTILANG_LIST') b where table_name='EHR_MULTILANG_LIST' and a.column_name=b.column_name(+) [ RunTime:0.0019s ]
SQL: SELECT * FROM (SELECT thinkphp.*, rownum AS numrow FROM (SELECT   * FROM ehr_multilang_list) thinkphp )  WHERE (numrow>0 AND numrow<=1) [ RunTime:0.0016s ]
SQL: SELECT * FROM (SELECT thinkphp.*, rownum AS numrow FROM (SELECT   language_name FROM ehr_multilang_list) thinkphp )  [ RunTime:0.0015s ]
NOTIC: [8] Undefined index: config E:\work\think\Application\Home\Controller\IndexController.class.php 第 27 行.
NOTIC: [8] Undefined variable: g_server E:\work\think\Application\Home\Controller\IndexController.class.php 第 29 行.

[ 2016-03-30T11:33:43+08:00 ] 127.0.0.1 /think/index.php
INFO: [ app_init ] --START--
INFO: Run Behavior\BuildLiteBehavior [ RunTime:0.000014s ]
INFO: [ app_init ] --END-- [ RunTime:0.000590s ]
INFO: [ app_begin ] --START--
INFO: Run Behavior\ReadHtmlCacheBehavior [ RunTime:0.000734s ]
INFO: [ app_begin ] --END-- [ RunTime:0.000819s ]
NOTIC: [2] include_once(function.php): failed to open stream: No such file or directory E:\work\think\Application\Home\Controller\IndexController.class.php 第 4 行.
NOTIC: [2] include_once(): Failed opening 'function.php' for inclusion (include_path='.;C:\php\pear') E:\work\think\Application\Home\Controller\IndexController.class.php 第 4 行.
SQL: select a.column_name,data_type,decode(nullable,'Y',0,1) notnull,data_default,decode(a.column_name,b.column_name,1,0) pk from user_tab_columns a,(select column_name from user_constraints c,user_cons_columns col where c.constraint_name=col.constraint_name and c.constraint_type='P'and c.table_name='EHR_MULTILANG_LIST') b where table_name='EHR_MULTILANG_LIST' and a.column_name=b.column_name(+) [ RunTime:0.0018s ]
SQL: SELECT * FROM (SELECT thinkphp.*, rownum AS numrow FROM (SELECT   * FROM ehr_multilang_list) thinkphp )  WHERE (numrow>0 AND numrow<=1) [ RunTime:0.0016s ]
SQL: SELECT * FROM (SELECT thinkphp.*, rownum AS numrow FROM (SELECT   language_name FROM ehr_multilang_list) thinkphp )  [ RunTime:0.0015s ]
NOTIC: [8] Undefined index: config E:\work\think\Application\Home\Controller\IndexController.class.php 第 27 行.

[ 2016-03-30T11:34:31+08:00 ] 127.0.0.1 /think/index.php
INFO: [ app_init ] --START--
INFO: Run Behavior\BuildLiteBehavior [ RunTime:0.000016s ]
INFO: [ app_init ] --END-- [ RunTime:0.000494s ]
INFO: [ app_begin ] --START--
INFO: Run Behavior\ReadHtmlCacheBehavior [ RunTime:0.000672s ]
INFO: [ app_begin ] --END-- [ RunTime:0.000724s ]
NOTIC: [2] include_once(function.php): failed to open stream: No such file or directory E:\work\think\Application\Home\Controller\IndexController.class.php 第 4 行.
NOTIC: [2] include_once(): Failed opening 'function.php' for inclusion (include_path='.;C:\php\pear') E:\work\think\Application\Home\Controller\IndexController.class.php 第 4 行.
SQL: select a.column_name,data_type,decode(nullable,'Y',0,1) notnull,data_default,decode(a.column_name,b.column_name,1,0) pk from user_tab_columns a,(select column_name from user_constraints c,user_cons_columns col where c.constraint_name=col.constraint_name and c.constraint_type='P'and c.table_name='EHR_MULTILANG_LIST') b where table_name='EHR_MULTILANG_LIST' and a.column_name=b.column_name(+) [ RunTime:0.0018s ]
SQL: SELECT * FROM (SELECT thinkphp.*, rownum AS numrow FROM (SELECT   * FROM ehr_multilang_list) thinkphp )  WHERE (numrow>0 AND numrow<=1) [ RunTime:0.0017s ]
SQL: SELECT * FROM (SELECT thinkphp.*, rownum AS numrow FROM (SELECT   language_name FROM ehr_multilang_list) thinkphp )  [ RunTime:0.0015s ]
NOTIC: [8] Undefined index: config E:\work\think\Application\Home\Controller\IndexController.class.php 第 27 行.
NOTIC: [8] Undefined variable: DBConn E:\work\think\Application\Common\Common\function.php 第 40 行.

[ 2016-03-30T11:34:32+08:00 ] 127.0.0.1 /think/index.php
INFO: [ app_init ] --START--
INFO: Run Behavior\BuildLiteBehavior [ RunTime:0.000016s ]
INFO: [ app_init ] --END-- [ RunTime:0.000605s ]
INFO: [ app_begin ] --START--
INFO: Run Behavior\ReadHtmlCacheBehavior [ RunTime:0.000757s ]
INFO: [ app_begin ] --END-- [ RunTime:0.000818s ]
NOTIC: [2] include_once(function.php): failed to open stream: No such file or directory E:\work\think\Application\Home\Controller\IndexController.class.php 第 4 行.
NOTIC: [2] include_once(): Failed opening 'function.php' for inclusion (include_path='.;C:\php\pear') E:\work\think\Application\Home\Controller\IndexController.class.php 第 4 行.
SQL: select a.column_name,data_type,decode(nullable,'Y',0,1) notnull,data_default,decode(a.column_name,b.column_name,1,0) pk from user_tab_columns a,(select column_name from user_constraints c,user_cons_columns col where c.constraint_name=col.constraint_name and c.constraint_type='P'and c.table_name='EHR_MULTILANG_LIST') b where table_name='EHR_MULTILANG_LIST' and a.column_name=b.column_name(+) [ RunTime:0.0019s ]
SQL: SELECT * FROM (SELECT thinkphp.*, rownum AS numrow FROM (SELECT   * FROM ehr_multilang_list) thinkphp )  WHERE (numrow>0 AND numrow<=1) [ RunTime:0.0017s ]
SQL: SELECT * FROM (SELECT thinkphp.*, rownum AS numrow FROM (SELECT   language_name FROM ehr_multilang_list) thinkphp )  [ RunTime:0.0013s ]
NOTIC: [8] Undefined index: config E:\work\think\Application\Home\Controller\IndexController.class.php 第 27 行.
NOTIC: [8] Undefined variable: DBConn E:\work\think\Application\Common\Common\function.php 第 40 行.

[ 2016-03-30T11:34:33+08:00 ] 127.0.0.1 /think/index.php
INFO: [ app_init ] --START--
INFO: Run Behavior\BuildLiteBehavior [ RunTime:0.000016s ]
INFO: [ app_init ] --END-- [ RunTime:0.000489s ]
INFO: [ app_begin ] --START--
INFO: Run Behavior\ReadHtmlCacheBehavior [ RunTime:0.001007s ]
INFO: [ app_begin ] --END-- [ RunTime:0.001117s ]
NOTIC: [2] include_once(function.php): failed to open stream: No such file or directory E:\work\think\Application\Home\Controller\IndexController.class.php 第 4 行.
NOTIC: [2] include_once(): Failed opening 'function.php' for inclusion (include_path='.;C:\php\pear') E:\work\think\Application\Home\Controller\IndexController.class.php 第 4 行.
SQL: select a.column_name,data_type,decode(nullable,'Y',0,1) notnull,data_default,decode(a.column_name,b.column_name,1,0) pk from user_tab_columns a,(select column_name from user_constraints c,user_cons_columns col where c.constraint_name=col.constraint_name and c.constraint_type='P'and c.table_name='EHR_MULTILANG_LIST') b where table_name='EHR_MULTILANG_LIST' and a.column_name=b.column_name(+) [ RunTime:0.0016s ]
SQL: SELECT * FROM (SELECT thinkphp.*, rownum AS numrow FROM (SELECT   * FROM ehr_multilang_list) thinkphp )  WHERE (numrow>0 AND numrow<=1) [ RunTime:0.0016s ]
SQL: SELECT * FROM (SELECT thinkphp.*, rownum AS numrow FROM (SELECT   language_name FROM ehr_multilang_list) thinkphp )  [ RunTime:0.0015s ]
NOTIC: [8] Undefined index: config E:\work\think\Application\Home\Controller\IndexController.class.php 第 27 行.
NOTIC: [8] Undefined variable: DBConn E:\work\think\Application\Common\Common\function.php 第 40 行.

[ 2016-03-30T11:34:33+08:00 ] 127.0.0.1 /think/index.php
INFO: [ app_init ] --START--
INFO: Run Behavior\BuildLiteBehavior [ RunTime:0.000018s ]
INFO: [ app_init ] --END-- [ RunTime:0.001226s ]
INFO: [ app_begin ] --START--
INFO: Run Behavior\ReadHtmlCacheBehavior [ RunTime:0.001028s ]
INFO: [ app_begin ] --END-- [ RunTime:0.001140s ]
NOTIC: [2] include_once(function.php): failed to open stream: No such file or directory E:\work\think\Application\Home\Controller\IndexController.class.php 第 4 行.
NOTIC: [2] include_once(): Failed opening 'function.php' for inclusion (include_path='.;C:\php\pear') E:\work\think\Application\Home\Controller\IndexController.class.php 第 4 行.
SQL: select a.column_name,data_type,decode(nullable,'Y',0,1) notnull,data_default,decode(a.column_name,b.column_name,1,0) pk from user_tab_columns a,(select column_name from user_constraints c,user_cons_columns col where c.constraint_name=col.constraint_name and c.constraint_type='P'and c.table_name='EHR_MULTILANG_LIST') b where table_name='EHR_MULTILANG_LIST' and a.column_name=b.column_name(+) [ RunTime:0.0017s ]
SQL: SELECT * FROM (SELECT thinkphp.*, rownum AS numrow FROM (SELECT   * FROM ehr_multilang_list) thinkphp )  WHERE (numrow>0 AND numrow<=1) [ RunTime:0.0018s ]
SQL: SELECT * FROM (SELECT thinkphp.*, rownum AS numrow FROM (SELECT   language_name FROM ehr_multilang_list) thinkphp )  [ RunTime:0.0014s ]
NOTIC: [8] Undefined index: config E:\work\think\Application\Home\Controller\IndexController.class.php 第 27 行.
NOTIC: [8] Undefined variable: DBConn E:\work\think\Application\Common\Common\function.php 第 40 行.

[ 2016-03-30T11:43:18+08:00 ] 127.0.0.1 /think/index.php
INFO: [ app_init ] --START--
INFO: Run Behavior\BuildLiteBehavior [ RunTime:0.000015s ]
INFO: [ app_init ] --END-- [ RunTime:0.000584s ]
INFO: [ app_begin ] --START--
INFO: Run Behavior\ReadHtmlCacheBehavior [ RunTime:0.000829s ]
INFO: [ app_begin ] --END-- [ RunTime:0.000880s ]
NOTIC: [2] include_once(function.php): failed to open stream: No such file or directory E:\work\think\Application\Home\Controller\IndexController.class.php 第 4 行.
NOTIC: [2] include_once(): Failed opening 'function.php' for inclusion (include_path='.;C:\php\pear') E:\work\think\Application\Home\Controller\IndexController.class.php 第 4 行.
SQL: select a.column_name,data_type,decode(nullable,'Y',0,1) notnull,data_default,decode(a.column_name,b.column_name,1,0) pk from user_tab_columns a,(select column_name from user_constraints c,user_cons_columns col where c.constraint_name=col.constraint_name and c.constraint_type='P'and c.table_name='EHR_MULTILANG_LIST') b where table_name='EHR_MULTILANG_LIST' and a.column_name=b.column_name(+) [ RunTime:0.0018s ]
SQL: SELECT * FROM (SELECT thinkphp.*, rownum AS numrow FROM (SELECT   * FROM ehr_multilang_list) thinkphp )  WHERE (numrow>0 AND numrow<=1) [ RunTime:0.0013s ]
SQL: SELECT * FROM (SELECT thinkphp.*, rownum AS numrow FROM (SELECT   language_name FROM ehr_multilang_list) thinkphp )  [ RunTime:0.0015s ]
NOTIC: [8] Undefined index: config E:\work\think\Application\Home\Controller\IndexController.class.php 第 27 行.
NOTIC: [8] Undefined variable: DBConn E:\work\think\Application\Common\Common\function.php 第 40 行.

[ 2016-03-30T11:43:18+08:00 ] 127.0.0.1 /think/index.php
INFO: [ app_init ] --START--
INFO: Run Behavior\BuildLiteBehavior [ RunTime:0.000014s ]
INFO: [ app_init ] --END-- [ RunTime:0.000710s ]
INFO: [ app_begin ] --START--
INFO: Run Behavior\ReadHtmlCacheBehavior [ RunTime:0.000842s ]
INFO: [ app_begin ] --END-- [ RunTime:0.000937s ]
NOTIC: [2] include_once(function.php): failed to open stream: No such file or directory E:\work\think\Application\Home\Controller\IndexController.class.php 第 4 行.
NOTIC: [2] include_once(): Failed opening 'function.php' for inclusion (include_path='.;C:\php\pear') E:\work\think\Application\Home\Controller\IndexController.class.php 第 4 行.
SQL: select a.column_name,data_type,decode(nullable,'Y',0,1) notnull,data_default,decode(a.column_name,b.column_name,1,0) pk from user_tab_columns a,(select column_name from user_constraints c,user_cons_columns col where c.constraint_name=col.constraint_name and c.constraint_type='P'and c.table_name='EHR_MULTILANG_LIST') b where table_name='EHR_MULTILANG_LIST' and a.column_name=b.column_name(+) [ RunTime:0.0017s ]
SQL: SELECT * FROM (SELECT thinkphp.*, rownum AS numrow FROM (SELECT   * FROM ehr_multilang_list) thinkphp )  WHERE (numrow>0 AND numrow<=1) [ RunTime:0.0014s ]
SQL: SELECT * FROM (SELECT thinkphp.*, rownum AS numrow FROM (SELECT   language_name FROM ehr_multilang_list) thinkphp )  [ RunTime:0.0012s ]
NOTIC: [8] Undefined index: config E:\work\think\Application\Home\Controller\IndexController.class.php 第 27 行.
NOTIC: [8] Undefined variable: DBConn E:\work\think\Application\Common\Common\function.php 第 40 行.

[ 2016-03-30T11:44:56+08:00 ] 127.0.0.1 /think/index.php
INFO: [ app_init ] --START--
INFO: Run Behavior\BuildLiteBehavior [ RunTime:0.000015s ]
INFO: [ app_init ] --END-- [ RunTime:0.000754s ]
INFO: [ app_begin ] --START--
INFO: Run Behavior\ReadHtmlCacheBehavior [ RunTime:0.000785s ]
INFO: [ app_begin ] --END-- [ RunTime:0.000865s ]
NOTIC: [2] include_once(function.php): failed to open stream: No such file or directory E:\work\think\Application\Home\Controller\IndexController.class.php 第 4 行.
NOTIC: [2] include_once(): Failed opening 'function.php' for inclusion (include_path='.;C:\php\pear') E:\work\think\Application\Home\Controller\IndexController.class.php 第 4 行.
SQL: select a.column_name,data_type,decode(nullable,'Y',0,1) notnull,data_default,decode(a.column_name,b.column_name,1,0) pk from user_tab_columns a,(select column_name from user_constraints c,user_cons_columns col where c.constraint_name=col.constraint_name and c.constraint_type='P'and c.table_name='EHR_MULTILANG_LIST') b where table_name='EHR_MULTILANG_LIST' and a.column_name=b.column_name(+) [ RunTime:0.0017s ]
SQL: SELECT * FROM (SELECT thinkphp.*, rownum AS numrow FROM (SELECT   * FROM ehr_multilang_list) thinkphp )  WHERE (numrow>0 AND numrow<=1) [ RunTime:0.0015s ]
SQL: SELECT * FROM (SELECT thinkphp.*, rownum AS numrow FROM (SELECT   language_name FROM ehr_multilang_list) thinkphp )  [ RunTime:0.0014s ]
NOTIC: [8] Undefined index: config E:\work\think\Application\Home\Controller\IndexController.class.php 第 27 行.

[ 2016-03-30T11:44:56+08:00 ] 127.0.0.1 /think/index.php
INFO: [ app_init ] --START--
INFO: Run Behavior\BuildLiteBehavior [ RunTime:0.000015s ]
INFO: [ app_init ] --END-- [ RunTime:0.000712s ]
INFO: [ app_begin ] --START--
INFO: Run Behavior\ReadHtmlCacheBehavior [ RunTime:0.000813s ]
INFO: [ app_begin ] --END-- [ RunTime:0.000898s ]
NOTIC: [2] include_once(function.php): failed to open stream: No such file or directory E:\work\think\Application\Home\Controller\IndexController.class.php 第 4 行.
NOTIC: [2] include_once(): Failed opening 'function.php' for inclusion (include_path='.;C:\php\pear') E:\work\think\Application\Home\Controller\IndexController.class.php 第 4 行.
SQL: select a.column_name,data_type,decode(nullable,'Y',0,1) notnull,data_default,decode(a.column_name,b.column_name,1,0) pk from user_tab_columns a,(select column_name from user_constraints c,user_cons_columns col where c.constraint_name=col.constraint_name and c.constraint_type='P'and c.table_name='EHR_MULTILANG_LIST') b where table_name='EHR_MULTILANG_LIST' and a.column_name=b.column_name(+) [ RunTime:0.0018s ]
SQL: SELECT * FROM (SELECT thinkphp.*, rownum AS numrow FROM (SELECT   * FROM ehr_multilang_list) thinkphp )  WHERE (numrow>0 AND numrow<=1) [ RunTime:0.0015s ]
SQL: SELECT * FROM (SELECT thinkphp.*, rownum AS numrow FROM (SELECT   language_name FROM ehr_multilang_list) thinkphp )  [ RunTime:0.0015s ]
NOTIC: [8] Undefined index: config E:\work\think\Application\Home\Controller\IndexController.class.php 第 27 行.

[ 2016-03-30T11:44:57+08:00 ] 127.0.0.1 /think/index.php
INFO: [ app_init ] --START--
INFO: Run Behavior\BuildLiteBehavior [ RunTime:0.000024s ]
INFO: [ app_init ] --END-- [ RunTime:0.000776s ]
INFO: [ app_begin ] --START--
INFO: Run Behavior\ReadHtmlCacheBehavior [ RunTime:0.000702s ]
INFO: [ app_begin ] --END-- [ RunTime:0.000780s ]
NOTIC: [2] include_once(function.php): failed to open stream: No such file or directory E:\work\think\Application\Home\Controller\IndexController.class.php 第 4 行.
NOTIC: [2] include_once(): Failed opening 'function.php' for inclusion (include_path='.;C:\php\pear') E:\work\think\Application\Home\Controller\IndexController.class.php 第 4 行.
SQL: select a.column_name,data_type,decode(nullable,'Y',0,1) notnull,data_default,decode(a.column_name,b.column_name,1,0) pk from user_tab_columns a,(select column_name from user_constraints c,user_cons_columns col where c.constraint_name=col.constraint_name and c.constraint_type='P'and c.table_name='EHR_MULTILANG_LIST') b where table_name='EHR_MULTILANG_LIST' and a.column_name=b.column_name(+) [ RunTime:0.0017s ]
SQL: SELECT * FROM (SELECT thinkphp.*, rownum AS numrow FROM (SELECT   * FROM ehr_multilang_list) thinkphp )  WHERE (numrow>0 AND numrow<=1) [ RunTime:0.0015s ]
SQL: SELECT * FROM (SELECT thinkphp.*, rownum AS numrow FROM (SELECT   language_name FROM ehr_multilang_list) thinkphp )  [ RunTime:0.0014s ]
NOTIC: [8] Undefined index: config E:\work\think\Application\Home\Controller\IndexController.class.php 第 27 行.

[ 2016-03-30T11:44:57+08:00 ] 127.0.0.1 /think/index.php
INFO: [ app_init ] --START--
INFO: Run Behavior\BuildLiteBehavior [ RunTime:0.000025s ]
INFO: [ app_init ] --END-- [ RunTime:0.000850s ]
INFO: [ app_begin ] --START--
INFO: Run Behavior\ReadHtmlCacheBehavior [ RunTime:0.000940s ]
INFO: [ app_begin ] --END-- [ RunTime:0.001070s ]
NOTIC: [2] include_once(function.php): failed to open stream: No such file or directory E:\work\think\Application\Home\Controller\IndexController.class.php 第 4 行.
NOTIC: [2] include_once(): Failed opening 'function.php' for inclusion (include_path='.;C:\php\pear') E:\work\think\Application\Home\Controller\IndexController.class.php 第 4 行.
SQL: select a.column_name,data_type,decode(nullable,'Y',0,1) notnull,data_default,decode(a.column_name,b.column_name,1,0) pk from user_tab_columns a,(select column_name from user_constraints c,user_cons_columns col where c.constraint_name=col.constraint_name and c.constraint_type='P'and c.table_name='EHR_MULTILANG_LIST') b where table_name='EHR_MULTILANG_LIST' and a.column_name=b.column_name(+) [ RunTime:0.0019s ]
SQL: SELECT * FROM (SELECT thinkphp.*, rownum AS numrow FROM (SELECT   * FROM ehr_multilang_list) thinkphp )  WHERE (numrow>0 AND numrow<=1) [ RunTime:0.0015s ]
SQL: SELECT * FROM (SELECT thinkphp.*, rownum AS numrow FROM (SELECT   language_name FROM ehr_multilang_list) thinkphp )  [ RunTime:0.0015s ]
NOTIC: [8] Undefined index: config E:\work\think\Application\Home\Controller\IndexController.class.php 第 27 行.

[ 2016-03-30T11:44:57+08:00 ] 127.0.0.1 /think/index.php
INFO: [ app_init ] --START--
INFO: Run Behavior\BuildLiteBehavior [ RunTime:0.000015s ]
INFO: [ app_init ] --END-- [ RunTime:0.000701s ]
INFO: [ app_begin ] --START--
INFO: Run Behavior\ReadHtmlCacheBehavior [ RunTime:0.001494s ]
INFO: [ app_begin ] --END-- [ RunTime:0.001622s ]
NOTIC: [2] include_once(function.php): failed to open stream: No such file or directory E:\work\think\Application\Home\Controller\IndexController.class.php 第 4 行.
NOTIC: [2] include_once(): Failed opening 'function.php' for inclusion (include_path='.;C:\php\pear') E:\work\think\Application\Home\Controller\IndexController.class.php 第 4 行.
SQL: select a.column_name,data_type,decode(nullable,'Y',0,1) notnull,data_default,decode(a.column_name,b.column_name,1,0) pk from user_tab_columns a,(select column_name from user_constraints c,user_cons_columns col where c.constraint_name=col.constraint_name and c.constraint_type='P'and c.table_name='EHR_MULTILANG_LIST') b where table_name='EHR_MULTILANG_LIST' and a.column_name=b.column_name(+) [ RunTime:0.0017s ]
SQL: SELECT * FROM (SELECT thinkphp.*, rownum AS numrow FROM (SELECT   * FROM ehr_multilang_list) thinkphp )  WHERE (numrow>0 AND numrow<=1) [ RunTime:0.0016s ]
SQL: SELECT * FROM (SELECT thinkphp.*, rownum AS numrow FROM (SELECT   language_name FROM ehr_multilang_list) thinkphp )  [ RunTime:0.0014s ]
NOTIC: [8] Undefined index: config E:\work\think\Application\Home\Controller\IndexController.class.php 第 27 行.

[ 2016-03-30T11:44:57+08:00 ] 127.0.0.1 /think/index.php
INFO: [ app_init ] --START--
INFO: Run Behavior\BuildLiteBehavior [ RunTime:0.000015s ]
INFO: [ app_init ] --END-- [ RunTime:0.000681s ]
INFO: [ app_begin ] --START--
INFO: Run Behavior\ReadHtmlCacheBehavior [ RunTime:0.001345s ]
INFO: [ app_begin ] --END-- [ RunTime:0.001467s ]
NOTIC: [2] include_once(function.php): failed to open stream: No such file or directory E:\work\think\Application\Home\Controller\IndexController.class.php 第 4 行.
NOTIC: [2] include_once(): Failed opening 'function.php' for inclusion (include_path='.;C:\php\pear') E:\work\think\Application\Home\Controller\IndexController.class.php 第 4 行.
SQL: select a.column_name,data_type,decode(nullable,'Y',0,1) notnull,data_default,decode(a.column_name,b.column_name,1,0) pk from user_tab_columns a,(select column_name from user_constraints c,user_cons_columns col where c.constraint_name=col.constraint_name and c.constraint_type='P'and c.table_name='EHR_MULTILANG_LIST') b where table_name='EHR_MULTILANG_LIST' and a.column_name=b.column_name(+) [ RunTime:0.0018s ]
SQL: SELECT * FROM (SELECT thinkphp.*, rownum AS numrow FROM (SELECT   * FROM ehr_multilang_list) thinkphp )  WHERE (numrow>0 AND numrow<=1) [ RunTime:0.0016s ]
SQL: SELECT * FROM (SELECT thinkphp.*, rownum AS numrow FROM (SELECT   language_name FROM ehr_multilang_list) thinkphp )  [ RunTime:0.0015s ]
NOTIC: [8] Undefined index: config E:\work\think\Application\Home\Controller\IndexController.class.php 第 27 行.

[ 2016-03-30T12:01:49+08:00 ] 127.0.0.1 /think/index.php
INFO: [ app_init ] --START--
INFO: Run Behavior\BuildLiteBehavior [ RunTime:0.000014s ]
INFO: [ app_init ] --END-- [ RunTime:0.000763s ]
INFO: [ app_begin ] --START--
INFO: Run Behavior\ReadHtmlCacheBehavior [ RunTime:0.000841s ]
INFO: [ app_begin ] --END-- [ RunTime:0.000929s ]
NOTIC: [2] include_once(function.php): failed to open stream: No such file or directory E:\work\think\Application\Home\Controller\IndexController.class.php 第 4 行.
NOTIC: [2] include_once(): Failed opening 'function.php' for inclusion (include_path='.;C:\php\pear') E:\work\think\Application\Home\Controller\IndexController.class.php 第 4 行.
SQL: select a.column_name,data_type,decode(nullable,'Y',0,1) notnull,data_default,decode(a.column_name,b.column_name,1,0) pk from user_tab_columns a,(select column_name from user_constraints c,user_cons_columns col where c.constraint_name=col.constraint_name and c.constraint_type='P'and c.table_name='EHR_MULTILANG_LIST') b where table_name='EHR_MULTILANG_LIST' and a.column_name=b.column_name(+) [ RunTime:0.0018s ]
SQL: SELECT * FROM (SELECT thinkphp.*, rownum AS numrow FROM (SELECT   * FROM ehr_multilang_list) thinkphp )  WHERE (numrow>0 AND numrow<=1) [ RunTime:0.0016s ]
SQL: SELECT * FROM (SELECT thinkphp.*, rownum AS numrow FROM (SELECT   language_name FROM ehr_multilang_list) thinkphp )  [ RunTime:0.0014s ]
NOTIC: [8] Undefined index: config E:\work\think\Application\Home\Controller\IndexController.class.php 第 27 行.

[ 2016-03-30T13:15:16+08:00 ] 127.0.0.1 /think/index.php
INFO: [ app_init ] --START--
INFO: Run Behavior\BuildLiteBehavior [ RunTime:0.000016s ]
INFO: [ app_init ] --END-- [ RunTime:0.000602s ]
INFO: [ app_begin ] --START--
INFO: Run Behavior\ReadHtmlCacheBehavior [ RunTime:0.000766s ]
INFO: [ app_begin ] --END-- [ RunTime:0.000815s ]
NOTIC: [2] include_once(function.php): failed to open stream: No such file or directory E:\work\think\Application\Home\Controller\IndexController.class.php 第 4 行.
NOTIC: [2] include_once(): Failed opening 'function.php' for inclusion (include_path='.;C:\php\pear') E:\work\think\Application\Home\Controller\IndexController.class.php 第 4 行.
SQL: select a.column_name,data_type,decode(nullable,'Y',0,1) notnull,data_default,decode(a.column_name,b.column_name,1,0) pk from user_tab_columns a,(select column_name from user_constraints c,user_cons_columns col where c.constraint_name=col.constraint_name and c.constraint_type='P'and c.table_name='EHR_MULTILANG_LIST') b where table_name='EHR_MULTILANG_LIST' and a.column_name=b.column_name(+) [ RunTime:0.1054s ]
SQL: SELECT * FROM (SELECT thinkphp.*, rownum AS numrow FROM (SELECT   * FROM ehr_multilang_list) thinkphp )  WHERE (numrow>0 AND numrow<=1) [ RunTime:0.0045s ]
SQL: SELECT * FROM (SELECT thinkphp.*, rownum AS numrow FROM (SELECT   language_name FROM ehr_multilang_list) thinkphp )  [ RunTime:0.0023s ]
NOTIC: [8] Undefined index: config E:\work\think\Application\Home\Controller\IndexController.class.php 第 27 行.

[ 2016-03-30T13:15:17+08:00 ] 127.0.0.1 /think/index.php
INFO: [ app_init ] --START--
INFO: Run Behavior\BuildLiteBehavior [ RunTime:0.000025s ]
INFO: [ app_init ] --END-- [ RunTime:0.000944s ]
INFO: [ app_begin ] --START--
INFO: Run Behavior\ReadHtmlCacheBehavior [ RunTime:0.001263s ]
INFO: [ app_begin ] --END-- [ RunTime:0.001384s ]
NOTIC: [2] include_once(function.php): failed to open stream: No such file or directory E:\work\think\Application\Home\Controller\IndexController.class.php 第 4 行.
NOTIC: [2] include_once(): Failed opening 'function.php' for inclusion (include_path='.;C:\php\pear') E:\work\think\Application\Home\Controller\IndexController.class.php 第 4 行.
SQL: select a.column_name,data_type,decode(nullable,'Y',0,1) notnull,data_default,decode(a.column_name,b.column_name,1,0) pk from user_tab_columns a,(select column_name from user_constraints c,user_cons_columns col where c.constraint_name=col.constraint_name and c.constraint_type='P'and c.table_name='EHR_MULTILANG_LIST') b where table_name='EHR_MULTILANG_LIST' and a.column_name=b.column_name(+) [ RunTime:0.0018s ]
SQL: SELECT * FROM (SELECT thinkphp.*, rownum AS numrow FROM (SELECT   * FROM ehr_multilang_list) thinkphp )  WHERE (numrow>0 AND numrow<=1) [ RunTime:0.0016s ]
SQL: SELECT * FROM (SELECT thinkphp.*, rownum AS numrow FROM (SELECT   language_name FROM ehr_multilang_list) thinkphp )  [ RunTime:0.0015s ]
NOTIC: [8] Undefined index: config E:\work\think\Application\Home\Controller\IndexController.class.php 第 27 行.

