[ 2016-03-16T17:41:00+08:00 ] 127.0.0.1 /think/index.php
INFO: [ app_init ] --START--
INFO: Run Behavior\BuildLiteBehavior [ RunTime:0.000030s ]
INFO: [ app_init ] --END-- [ RunTime:0.028709s ]
INFO: [ app_begin ] --START--
INFO: Run Behavior\ReadHtmlCacheBehavior [ RunTime:0.009664s ]
INFO: [ app_begin ] --END-- [ RunTime:0.009746s ]
INFO: [ view_parse ] --START--
INFO: [ template_filter ] --START--
INFO: Run Behavior\ContentReplaceBehavior [ RunTime:0.014470s ]
INFO: [ template_filter ] --END-- [ RunTime:0.014554s ]
NOTIC: [8] Undefined variable: username E:\work\think\Application\Runtime\Cache\Home\2a94b8bda04ff446dcedd42276fc99ee.php 第 154 行.
NOTIC: [8] Undefined variable: INC_DIR E:\work\think\Application\Runtime\Cache\Home\2a94b8bda04ff446dcedd42276fc99ee.php 第 160 行.
NOTIC: [8] Undefined variable: JS_DIR E:\work\think\Application\Runtime\Cache\Home\2a94b8bda04ff446dcedd42276fc99ee.php 第 363 行.
NOTIC: [8] Undefined variable: IMG_DIR E:\work\think\Application\Runtime\Cache\Home\2a94b8bda04ff446dcedd42276fc99ee.php 第 372 行.
NOTIC: [8] Undefined variable: CHECK_LOGON_MSG01 E:\work\think\Application\Runtime\Cache\Home\2a94b8bda04ff446dcedd42276fc99ee.php 第 388 行.
NOTIC: [8] Undefined variable: CHECK_LOGON_MSG02 E:\work\think\Application\Runtime\Cache\Home\2a94b8bda04ff446dcedd42276fc99ee.php 第 394 行.
NOTIC: [8] Undefined variable: CHECK_LOGON_MSG03 E:\work\think\Application\Runtime\Cache\Home\2a94b8bda04ff446dcedd42276fc99ee.php 第 401 行.
INFO: Run Behavior\ParseTemplateBehavior [ RunTime:0.104909s ]
INFO: [ view_parse ] --END-- [ RunTime:0.104971s ]
INFO: [ view_filter ] --START--
INFO: Run Behavior\WriteHtmlCacheBehavior [ RunTime:0.007050s ]
INFO: [ view_filter ] --END-- [ RunTime:0.007105s ]
ERR: could not find driver
NOTIC: [2] Cannot modify header information - headers already sent by (output started at E:\work\think\ThinkPHP\Library\Think\View.class.php:95) E:\work\think\ThinkPHP\Library\Think\Think.class.php 第 229 行.
NOTIC: [2] Cannot modify header information - headers already sent by (output started at E:\work\think\ThinkPHP\Library\Think\View.class.php:95) E:\work\think\ThinkPHP\Library\Think\Think.class.php 第 230 行.

[ 2016-03-16T17:41:44+08:00 ] 127.0.0.1 /think/index.php
INFO: [ app_init ] --START--
INFO: Run Behavior\BuildLiteBehavior [ RunTime:0.000022s ]
INFO: [ app_init ] --END-- [ RunTime:0.000806s ]
INFO: [ app_begin ] --START--
INFO: Run Behavior\ReadHtmlCacheBehavior [ RunTime:0.001200s ]
INFO: [ app_begin ] --END-- [ RunTime:0.001288s ]
INFO: [ view_parse ] --START--
INFO: [ template_filter ] --START--
INFO: Run Behavior\ContentReplaceBehavior [ RunTime:0.000080s ]
INFO: [ template_filter ] --END-- [ RunTime:0.000127s ]
NOTIC: [8] Undefined variable: username E:\work\think\Application\Runtime\Cache\Home\2a94b8bda04ff446dcedd42276fc99ee.php 第 155 行.
NOTIC: [8] Undefined variable: INC_DIR E:\work\think\Application\Runtime\Cache\Home\2a94b8bda04ff446dcedd42276fc99ee.php 第 160 行.
NOTIC: [8] Undefined variable: JS_DIR E:\work\think\Application\Runtime\Cache\Home\2a94b8bda04ff446dcedd42276fc99ee.php 第 363 行.
NOTIC: [8] Undefined variable: IMG_DIR E:\work\think\Application\Runtime\Cache\Home\2a94b8bda04ff446dcedd42276fc99ee.php 第 372 行.
NOTIC: [8] Undefined variable: CHECK_LOGON_MSG01 E:\work\think\Application\Runtime\Cache\Home\2a94b8bda04ff446dcedd42276fc99ee.php 第 388 行.
NOTIC: [8] Undefined variable: CHECK_LOGON_MSG02 E:\work\think\Application\Runtime\Cache\Home\2a94b8bda04ff446dcedd42276fc99ee.php 第 394 行.
NOTIC: [8] Undefined variable: CHECK_LOGON_MSG03 E:\work\think\Application\Runtime\Cache\Home\2a94b8bda04ff446dcedd42276fc99ee.php 第 401 行.
INFO: Run Behavior\ParseTemplateBehavior [ RunTime:0.043762s ]
INFO: [ view_parse ] --END-- [ RunTime:0.043813s ]
INFO: [ view_filter ] --START--
INFO: Run Behavior\WriteHtmlCacheBehavior [ RunTime:0.000601s ]
INFO: [ view_filter ] --END-- [ RunTime:0.000644s ]
ERR: could not find driver
NOTIC: [2] Cannot modify header information - headers already sent by (output started at E:\work\think\ThinkPHP\Library\Think\View.class.php:95) E:\work\think\ThinkPHP\Library\Think\Think.class.php 第 229 行.
NOTIC: [2] Cannot modify header information - headers already sent by (output started at E:\work\think\ThinkPHP\Library\Think\View.class.php:95) E:\work\think\ThinkPHP\Library\Think\Think.class.php 第 230 行.

[ 2016-03-16T17:41:53+08:00 ] 127.0.0.1 /think/index.php
INFO: [ app_init ] --START--
INFO: Run Behavior\BuildLiteBehavior [ RunTime:0.000015s ]
INFO: [ app_init ] --END-- [ RunTime:0.000594s ]
INFO: [ app_begin ] --START--
INFO: Run Behavior\ReadHtmlCacheBehavior [ RunTime:0.000705s ]
INFO: [ app_begin ] --END-- [ RunTime:0.000755s ]
INFO: [ view_parse ] --START--
INFO: [ template_filter ] --START--
INFO: Run Behavior\ContentReplaceBehavior [ RunTime:0.000140s ]
INFO: [ template_filter ] --END-- [ RunTime:0.000253s ]
NOTIC: [8] Undefined variable: INC_DIR E:\work\think\Application\Runtime\Cache\Home\2a94b8bda04ff446dcedd42276fc99ee.php 第 160 行.
NOTIC: [8] Undefined variable: username E:\work\think\Application\Runtime\Cache\Home\2a94b8bda04ff446dcedd42276fc99ee.php 第 166 行.
NOTIC: [8] Undefined variable: JS_DIR E:\work\think\Application\Runtime\Cache\Home\2a94b8bda04ff446dcedd42276fc99ee.php 第 363 行.
NOTIC: [8] Undefined variable: IMG_DIR E:\work\think\Application\Runtime\Cache\Home\2a94b8bda04ff446dcedd42276fc99ee.php 第 372 行.
NOTIC: [8] Undefined variable: CHECK_LOGON_MSG01 E:\work\think\Application\Runtime\Cache\Home\2a94b8bda04ff446dcedd42276fc99ee.php 第 388 行.
NOTIC: [8] Undefined variable: CHECK_LOGON_MSG02 E:\work\think\Application\Runtime\Cache\Home\2a94b8bda04ff446dcedd42276fc99ee.php 第 394 行.
NOTIC: [8] Undefined variable: CHECK_LOGON_MSG03 E:\work\think\Application\Runtime\Cache\Home\2a94b8bda04ff446dcedd42276fc99ee.php 第 401 行.
INFO: Run Behavior\ParseTemplateBehavior [ RunTime:0.040622s ]
INFO: [ view_parse ] --END-- [ RunTime:0.040684s ]
INFO: [ view_filter ] --START--
INFO: Run Behavior\WriteHtmlCacheBehavior [ RunTime:0.000521s ]
INFO: [ view_filter ] --END-- [ RunTime:0.000564s ]
ERR: could not find driver
NOTIC: [2] Cannot modify header information - headers already sent by (output started at E:\work\think\ThinkPHP\Library\Think\View.class.php:95) E:\work\think\ThinkPHP\Library\Think\Think.class.php 第 229 行.
NOTIC: [2] Cannot modify header information - headers already sent by (output started at E:\work\think\ThinkPHP\Library\Think\View.class.php:95) E:\work\think\ThinkPHP\Library\Think\Think.class.php 第 230 行.

[ 2016-03-16T17:42:50+08:00 ] 127.0.0.1 /think/index.php
INFO: [ app_init ] --START--
INFO: Run Behavior\BuildLiteBehavior [ RunTime:0.000017s ]
INFO: [ app_init ] --END-- [ RunTime:0.000529s ]
INFO: [ app_begin ] --START--
INFO: Run Behavior\ReadHtmlCacheBehavior [ RunTime:0.000712s ]
INFO: [ app_begin ] --END-- [ RunTime:0.000760s ]
INFO: [ view_parse ] --START--
INFO: [ template_filter ] --START--
INFO: Run Behavior\ContentReplaceBehavior [ RunTime:0.000131s ]
INFO: [ template_filter ] --END-- [ RunTime:0.000182s ]
NOTIC: [8] Undefined variable: INC_DIR E:\work\think\Application\Runtime\Cache\Home\2a94b8bda04ff446dcedd42276fc99ee.php 第 160 行.
NOTIC: [8] Undefined variable: username E:\work\think\Application\Runtime\Cache\Home\2a94b8bda04ff446dcedd42276fc99ee.php 第 166 行.
NOTIC: [8] Undefined variable: JS_DIR E:\work\think\Application\Runtime\Cache\Home\2a94b8bda04ff446dcedd42276fc99ee.php 第 363 行.
NOTIC: [8] Undefined variable: IMG_DIR E:\work\think\Application\Runtime\Cache\Home\2a94b8bda04ff446dcedd42276fc99ee.php 第 372 行.
NOTIC: [8] Undefined variable: CHECK_LOGON_MSG01 E:\work\think\Application\Runtime\Cache\Home\2a94b8bda04ff446dcedd42276fc99ee.php 第 388 行.
NOTIC: [8] Undefined variable: CHECK_LOGON_MSG02 E:\work\think\Application\Runtime\Cache\Home\2a94b8bda04ff446dcedd42276fc99ee.php 第 394 行.
NOTIC: [8] Undefined variable: CHECK_LOGON_MSG03 E:\work\think\Application\Runtime\Cache\Home\2a94b8bda04ff446dcedd42276fc99ee.php 第 401 行.
INFO: Run Behavior\ParseTemplateBehavior [ RunTime:0.045402s ]
INFO: [ view_parse ] --END-- [ RunTime:0.045485s ]
INFO: [ view_filter ] --START--
INFO: Run Behavior\WriteHtmlCacheBehavior [ RunTime:0.000441s ]
INFO: [ view_filter ] --END-- [ RunTime:0.000477s ]
ERR: could not find driver
NOTIC: [2] Cannot modify header information - headers already sent by (output started at E:\work\think\ThinkPHP\Library\Think\View.class.php:95) E:\work\think\ThinkPHP\Library\Think\Think.class.php 第 229 行.
NOTIC: [2] Cannot modify header information - headers already sent by (output started at E:\work\think\ThinkPHP\Library\Think\View.class.php:95) E:\work\think\ThinkPHP\Library\Think\Think.class.php 第 230 行.

[ 2016-03-16T17:43:10+08:00 ] 127.0.0.1 /think/index.php
INFO: [ app_init ] --START--
INFO: Run Behavior\BuildLiteBehavior [ RunTime:0.000017s ]
INFO: [ app_init ] --END-- [ RunTime:0.000516s ]
INFO: [ app_begin ] --START--
INFO: Run Behavior\ReadHtmlCacheBehavior [ RunTime:0.000693s ]
INFO: [ app_begin ] --END-- [ RunTime:0.000753s ]
INFO: [ view_parse ] --START--
INFO: [ template_filter ] --START--
INFO: Run Behavior\ContentReplaceBehavior [ RunTime:0.000109s ]
INFO: [ template_filter ] --END-- [ RunTime:0.000163s ]
NOTIC: [8] Undefined variable: INC_DIR E:\work\think\Application\Runtime\Cache\Home\2a94b8bda04ff446dcedd42276fc99ee.php 第 160 行.
NOTIC: [8] Undefined variable: username E:\work\think\Application\Runtime\Cache\Home\2a94b8bda04ff446dcedd42276fc99ee.php 第 166 行.
NOTIC: [8] Undefined variable: JS_DIR E:\work\think\Application\Runtime\Cache\Home\2a94b8bda04ff446dcedd42276fc99ee.php 第 363 行.
NOTIC: [8] Undefined variable: IMG_DIR E:\work\think\Application\Runtime\Cache\Home\2a94b8bda04ff446dcedd42276fc99ee.php 第 372 行.
NOTIC: [8] Undefined variable: CHECK_LOGON_MSG01 E:\work\think\Application\Runtime\Cache\Home\2a94b8bda04ff446dcedd42276fc99ee.php 第 388 行.
NOTIC: [8] Undefined variable: CHECK_LOGON_MSG02 E:\work\think\Application\Runtime\Cache\Home\2a94b8bda04ff446dcedd42276fc99ee.php 第 394 行.
NOTIC: [8] Undefined variable: CHECK_LOGON_MSG03 E:\work\think\Application\Runtime\Cache\Home\2a94b8bda04ff446dcedd42276fc99ee.php 第 401 行.
INFO: Run Behavior\ParseTemplateBehavior [ RunTime:0.041021s ]
INFO: [ view_parse ] --END-- [ RunTime:0.041076s ]
INFO: [ view_filter ] --START--
INFO: Run Behavior\WriteHtmlCacheBehavior [ RunTime:0.000446s ]
INFO: [ view_filter ] --END-- [ RunTime:0.000484s ]
ERR: could not find driver
NOTIC: [2] Cannot modify header information - headers already sent by (output started at E:\work\think\ThinkPHP\Library\Think\View.class.php:95) E:\work\think\ThinkPHP\Library\Think\Think.class.php 第 229 行.
NOTIC: [2] Cannot modify header information - headers already sent by (output started at E:\work\think\ThinkPHP\Library\Think\View.class.php:95) E:\work\think\ThinkPHP\Library\Think\Think.class.php 第 230 行.

[ 2016-03-16T17:43:11+08:00 ] 127.0.0.1 /think/index.php
INFO: [ app_init ] --START--
INFO: Run Behavior\BuildLiteBehavior [ RunTime:0.000016s ]
INFO: [ app_init ] --END-- [ RunTime:0.000526s ]
INFO: [ app_begin ] --START--
INFO: Run Behavior\ReadHtmlCacheBehavior [ RunTime:0.000683s ]
INFO: [ app_begin ] --END-- [ RunTime:0.000742s ]
INFO: [ view_parse ] --START--
INFO: [ template_filter ] --START--
INFO: Run Behavior\ContentReplaceBehavior [ RunTime:0.000098s ]
INFO: [ template_filter ] --END-- [ RunTime:0.000151s ]
NOTIC: [8] Undefined variable: INC_DIR E:\work\think\Application\Runtime\Cache\Home\2a94b8bda04ff446dcedd42276fc99ee.php 第 160 行.
NOTIC: [8] Undefined variable: username E:\work\think\Application\Runtime\Cache\Home\2a94b8bda04ff446dcedd42276fc99ee.php 第 166 行.
NOTIC: [8] Undefined variable: JS_DIR E:\work\think\Application\Runtime\Cache\Home\2a94b8bda04ff446dcedd42276fc99ee.php 第 363 行.
NOTIC: [8] Undefined variable: IMG_DIR E:\work\think\Application\Runtime\Cache\Home\2a94b8bda04ff446dcedd42276fc99ee.php 第 372 行.
NOTIC: [8] Undefined variable: CHECK_LOGON_MSG01 E:\work\think\Application\Runtime\Cache\Home\2a94b8bda04ff446dcedd42276fc99ee.php 第 388 行.
NOTIC: [8] Undefined variable: CHECK_LOGON_MSG02 E:\work\think\Application\Runtime\Cache\Home\2a94b8bda04ff446dcedd42276fc99ee.php 第 394 行.
NOTIC: [8] Undefined variable: CHECK_LOGON_MSG03 E:\work\think\Application\Runtime\Cache\Home\2a94b8bda04ff446dcedd42276fc99ee.php 第 401 行.
INFO: Run Behavior\ParseTemplateBehavior [ RunTime:0.040633s ]
INFO: [ view_parse ] --END-- [ RunTime:0.040689s ]
INFO: [ view_filter ] --START--
INFO: Run Behavior\WriteHtmlCacheBehavior [ RunTime:0.000488s ]
INFO: [ view_filter ] --END-- [ RunTime:0.000526s ]
ERR: could not find driver
NOTIC: [2] Cannot modify header information - headers already sent by (output started at E:\work\think\ThinkPHP\Library\Think\View.class.php:95) E:\work\think\ThinkPHP\Library\Think\Think.class.php 第 229 行.
NOTIC: [2] Cannot modify header information - headers already sent by (output started at E:\work\think\ThinkPHP\Library\Think\View.class.php:95) E:\work\think\ThinkPHP\Library\Think\Think.class.php 第 230 行.

[ 2016-03-16T17:43:11+08:00 ] 127.0.0.1 /think/index.php
INFO: [ app_init ] --START--
INFO: Run Behavior\BuildLiteBehavior [ RunTime:0.000024s ]
INFO: [ app_init ] --END-- [ RunTime:0.000776s ]
INFO: [ app_begin ] --START--
INFO: Run Behavior\ReadHtmlCacheBehavior [ RunTime:0.001311s ]
INFO: [ app_begin ] --END-- [ RunTime:0.001414s ]
INFO: [ view_parse ] --START--
INFO: [ template_filter ] --START--
INFO: Run Behavior\ContentReplaceBehavior [ RunTime:0.000161s ]
INFO: [ template_filter ] --END-- [ RunTime:0.000255s ]
NOTIC: [8] Undefined variable: INC_DIR E:\work\think\Application\Runtime\Cache\Home\2a94b8bda04ff446dcedd42276fc99ee.php 第 160 行.
NOTIC: [8] Undefined variable: username E:\work\think\Application\Runtime\Cache\Home\2a94b8bda04ff446dcedd42276fc99ee.php 第 166 行.
NOTIC: [8] Undefined variable: JS_DIR E:\work\think\Application\Runtime\Cache\Home\2a94b8bda04ff446dcedd42276fc99ee.php 第 363 行.
NOTIC: [8] Undefined variable: IMG_DIR E:\work\think\Application\Runtime\Cache\Home\2a94b8bda04ff446dcedd42276fc99ee.php 第 372 行.
NOTIC: [8] Undefined variable: CHECK_LOGON_MSG01 E:\work\think\Application\Runtime\Cache\Home\2a94b8bda04ff446dcedd42276fc99ee.php 第 388 行.
NOTIC: [8] Undefined variable: CHECK_LOGON_MSG02 E:\work\think\Application\Runtime\Cache\Home\2a94b8bda04ff446dcedd42276fc99ee.php 第 394 行.
NOTIC: [8] Undefined variable: CHECK_LOGON_MSG03 E:\work\think\Application\Runtime\Cache\Home\2a94b8bda04ff446dcedd42276fc99ee.php 第 401 行.
INFO: Run Behavior\ParseTemplateBehavior [ RunTime:0.054664s ]
INFO: [ view_parse ] --END-- [ RunTime:0.054735s ]
INFO: [ view_filter ] --START--
INFO: Run Behavior\WriteHtmlCacheBehavior [ RunTime:0.000360s ]
INFO: [ view_filter ] --END-- [ RunTime:0.000399s ]
ERR: could not find driver
NOTIC: [2] Cannot modify header information - headers already sent by (output started at E:\work\think\ThinkPHP\Library\Think\View.class.php:95) E:\work\think\ThinkPHP\Library\Think\Think.class.php 第 229 行.
NOTIC: [2] Cannot modify header information - headers already sent by (output started at E:\work\think\ThinkPHP\Library\Think\View.class.php:95) E:\work\think\ThinkPHP\Library\Think\Think.class.php 第 230 行.

[ 2016-03-16T17:43:11+08:00 ] 127.0.0.1 /think/index.php
INFO: [ app_init ] --START--
INFO: Run Behavior\BuildLiteBehavior [ RunTime:0.000030s ]
INFO: [ app_init ] --END-- [ RunTime:0.000836s ]
INFO: [ app_begin ] --START--
INFO: Run Behavior\ReadHtmlCacheBehavior [ RunTime:0.000776s ]
INFO: [ app_begin ] --END-- [ RunTime:0.000846s ]
INFO: [ view_parse ] --START--
INFO: [ template_filter ] --START--
INFO: Run Behavior\ContentReplaceBehavior [ RunTime:0.000133s ]
INFO: [ template_filter ] --END-- [ RunTime:0.000202s ]
NOTIC: [8] Undefined variable: INC_DIR E:\work\think\Application\Runtime\Cache\Home\2a94b8bda04ff446dcedd42276fc99ee.php 第 160 行.
NOTIC: [8] Undefined variable: username E:\work\think\Application\Runtime\Cache\Home\2a94b8bda04ff446dcedd42276fc99ee.php 第 166 行.
NOTIC: [8] Undefined variable: JS_DIR E:\work\think\Application\Runtime\Cache\Home\2a94b8bda04ff446dcedd42276fc99ee.php 第 363 行.
NOTIC: [8] Undefined variable: IMG_DIR E:\work\think\Application\Runtime\Cache\Home\2a94b8bda04ff446dcedd42276fc99ee.php 第 372 行.
NOTIC: [8] Undefined variable: CHECK_LOGON_MSG01 E:\work\think\Application\Runtime\Cache\Home\2a94b8bda04ff446dcedd42276fc99ee.php 第 388 行.
NOTIC: [8] Undefined variable: CHECK_LOGON_MSG02 E:\work\think\Application\Runtime\Cache\Home\2a94b8bda04ff446dcedd42276fc99ee.php 第 394 行.
NOTIC: [8] Undefined variable: CHECK_LOGON_MSG03 E:\work\think\Application\Runtime\Cache\Home\2a94b8bda04ff446dcedd42276fc99ee.php 第 401 行.
INFO: Run Behavior\ParseTemplateBehavior [ RunTime:0.047604s ]
INFO: [ view_parse ] --END-- [ RunTime:0.047667s ]
INFO: [ view_filter ] --START--
INFO: Run Behavior\WriteHtmlCacheBehavior [ RunTime:0.000374s ]
INFO: [ view_filter ] --END-- [ RunTime:0.000414s ]
ERR: could not find driver
NOTIC: [2] Cannot modify header information - headers already sent by (output started at E:\work\think\ThinkPHP\Library\Think\View.class.php:95) E:\work\think\ThinkPHP\Library\Think\Think.class.php 第 229 行.
NOTIC: [2] Cannot modify header information - headers already sent by (output started at E:\work\think\ThinkPHP\Library\Think\View.class.php:95) E:\work\think\ThinkPHP\Library\Think\Think.class.php 第 230 行.

[ 2016-03-16T17:43:11+08:00 ] 127.0.0.1 /think/index.php
INFO: [ app_init ] --START--
INFO: Run Behavior\BuildLiteBehavior [ RunTime:0.000016s ]
INFO: [ app_init ] --END-- [ RunTime:0.000498s ]
INFO: [ app_begin ] --START--
INFO: Run Behavior\ReadHtmlCacheBehavior [ RunTime:0.000687s ]
INFO: [ app_begin ] --END-- [ RunTime:0.000742s ]
INFO: [ view_parse ] --START--
INFO: [ template_filter ] --START--
INFO: Run Behavior\ContentReplaceBehavior [ RunTime:0.000103s ]
INFO: [ template_filter ] --END-- [ RunTime:0.000160s ]
NOTIC: [8] Undefined variable: INC_DIR E:\work\think\Application\Runtime\Cache\Home\2a94b8bda04ff446dcedd42276fc99ee.php 第 160 行.
NOTIC: [8] Undefined variable: username E:\work\think\Application\Runtime\Cache\Home\2a94b8bda04ff446dcedd42276fc99ee.php 第 166 行.
NOTIC: [8] Undefined variable: JS_DIR E:\work\think\Application\Runtime\Cache\Home\2a94b8bda04ff446dcedd42276fc99ee.php 第 363 行.
NOTIC: [8] Undefined variable: IMG_DIR E:\work\think\Application\Runtime\Cache\Home\2a94b8bda04ff446dcedd42276fc99ee.php 第 372 行.
NOTIC: [8] Undefined variable: CHECK_LOGON_MSG01 E:\work\think\Application\Runtime\Cache\Home\2a94b8bda04ff446dcedd42276fc99ee.php 第 388 行.
NOTIC: [8] Undefined variable: CHECK_LOGON_MSG02 E:\work\think\Application\Runtime\Cache\Home\2a94b8bda04ff446dcedd42276fc99ee.php 第 394 行.
NOTIC: [8] Undefined variable: CHECK_LOGON_MSG03 E:\work\think\Application\Runtime\Cache\Home\2a94b8bda04ff446dcedd42276fc99ee.php 第 401 行.
INFO: Run Behavior\ParseTemplateBehavior [ RunTime:0.047513s ]
INFO: [ view_parse ] --END-- [ RunTime:0.047580s ]
INFO: [ view_filter ] --START--
INFO: Run Behavior\WriteHtmlCacheBehavior [ RunTime:0.000438s ]
INFO: [ view_filter ] --END-- [ RunTime:0.000479s ]
ERR: could not find driver
NOTIC: [2] Cannot modify header information - headers already sent by (output started at E:\work\think\ThinkPHP\Library\Think\View.class.php:95) E:\work\think\ThinkPHP\Library\Think\Think.class.php 第 229 行.
NOTIC: [2] Cannot modify header information - headers already sent by (output started at E:\work\think\ThinkPHP\Library\Think\View.class.php:95) E:\work\think\ThinkPHP\Library\Think\Think.class.php 第 230 行.

[ 2016-03-16T17:45:15+08:00 ] 127.0.0.1 /think/index.php
INFO: [ app_init ] --START--
INFO: Run Behavior\BuildLiteBehavior [ RunTime:0.000015s ]
INFO: [ app_init ] --END-- [ RunTime:0.000614s ]
INFO: [ app_begin ] --START--
INFO: Run Behavior\ReadHtmlCacheBehavior [ RunTime:0.000814s ]
INFO: [ app_begin ] --END-- [ RunTime:0.000864s ]
ERR: could not find driver

[ 2016-03-16T17:45:35+08:00 ] 127.0.0.1 /think/index.php
INFO: [ app_init ] --START--
INFO: Run Behavior\BuildLiteBehavior [ RunTime:0.000015s ]
INFO: [ app_init ] --END-- [ RunTime:0.000551s ]
INFO: [ app_begin ] --START--
INFO: Run Behavior\ReadHtmlCacheBehavior [ RunTime:0.001784s ]
INFO: [ app_begin ] --END-- [ RunTime:0.001922s ]
INFO: [ view_parse ] --START--
INFO: [ template_filter ] --START--
INFO: Run Behavior\ContentReplaceBehavior [ RunTime:0.000080s ]
INFO: [ template_filter ] --END-- [ RunTime:0.000123s ]
NOTIC: [8] Undefined variable: INC_DIR E:\work\think\Application\Runtime\Cache\Home\2a94b8bda04ff446dcedd42276fc99ee.php 第 160 行.
NOTIC: [8] Undefined variable: JS_DIR E:\work\think\Application\Runtime\Cache\Home\2a94b8bda04ff446dcedd42276fc99ee.php 第 363 行.
NOTIC: [8] Undefined variable: IMG_DIR E:\work\think\Application\Runtime\Cache\Home\2a94b8bda04ff446dcedd42276fc99ee.php 第 372 行.
NOTIC: [8] Undefined variable: CHECK_LOGON_MSG01 E:\work\think\Application\Runtime\Cache\Home\2a94b8bda04ff446dcedd42276fc99ee.php 第 388 行.
NOTIC: [8] Undefined variable: CHECK_LOGON_MSG02 E:\work\think\Application\Runtime\Cache\Home\2a94b8bda04ff446dcedd42276fc99ee.php 第 394 行.
NOTIC: [8] Undefined variable: CHECK_LOGON_MSG03 E:\work\think\Application\Runtime\Cache\Home\2a94b8bda04ff446dcedd42276fc99ee.php 第 401 行.
INFO: Run Behavior\ParseTemplateBehavior [ RunTime:0.042529s ]
INFO: [ view_parse ] --END-- [ RunTime:0.042582s ]
INFO: [ view_filter ] --START--
INFO: Run Behavior\WriteHtmlCacheBehavior [ RunTime:0.000608s ]
INFO: [ view_filter ] --END-- [ RunTime:0.000657s ]
INFO: [ app_end ] --START--
INFO: Run Behavior\ShowPageTraceBehavior [ RunTime:0.007682s ]
INFO: [ app_end ] --END-- [ RunTime:0.007757s ]

[ 2016-03-16T20:51:27+08:00 ] 127.0.0.1 /think/index.php
INFO: [ app_init ] --START--
INFO: Run Behavior\BuildLiteBehavior [ RunTime:0.000034s ]
INFO: [ app_init ] --END-- [ RunTime:0.014072s ]
INFO: [ app_begin ] --START--
INFO: Run Behavior\ReadHtmlCacheBehavior [ RunTime:0.011004s ]
INFO: [ app_begin ] --END-- [ RunTime:0.011146s ]
INFO: [ view_parse ] --START--
INFO: [ template_filter ] --START--
INFO: Run Behavior\ContentReplaceBehavior [ RunTime:0.001233s ]
INFO: [ template_filter ] --END-- [ RunTime:0.001338s ]
NOTIC: [8] Undefined variable: INC_DIR E:\work\think\Application\Runtime\Cache\Home\2a94b8bda04ff446dcedd42276fc99ee.php 第 160 行.
NOTIC: [8] Undefined variable: JS_DIR E:\work\think\Application\Runtime\Cache\Home\2a94b8bda04ff446dcedd42276fc99ee.php 第 363 行.
NOTIC: [8] Undefined variable: IMG_DIR E:\work\think\Application\Runtime\Cache\Home\2a94b8bda04ff446dcedd42276fc99ee.php 第 372 行.
NOTIC: [8] Undefined variable: CHECK_LOGON_MSG01 E:\work\think\Application\Runtime\Cache\Home\2a94b8bda04ff446dcedd42276fc99ee.php 第 388 行.
NOTIC: [8] Undefined variable: CHECK_LOGON_MSG02 E:\work\think\Application\Runtime\Cache\Home\2a94b8bda04ff446dcedd42276fc99ee.php 第 394 行.
NOTIC: [8] Undefined variable: CHECK_LOGON_MSG03 E:\work\think\Application\Runtime\Cache\Home\2a94b8bda04ff446dcedd42276fc99ee.php 第 401 行.
INFO: Run Behavior\ParseTemplateBehavior [ RunTime:0.186155s ]
INFO: [ view_parse ] --END-- [ RunTime:0.186252s ]
INFO: [ view_filter ] --START--
INFO: Run Behavior\WriteHtmlCacheBehavior [ RunTime:0.010370s ]
INFO: [ view_filter ] --END-- [ RunTime:0.010435s ]
INFO: [ app_end ] --START--
INFO: Run Behavior\ShowPageTraceBehavior [ RunTime:0.010228s ]
INFO: [ app_end ] --END-- [ RunTime:0.010342s ]

